<?xml version="1.0" encoding="UTF-8"?>
<!-- Generated by org.testng.reporters.JUnitReportReporter -->
<testsuite hostname="SharathDurgams-MacBook-Pro.local" failures="0" tests="2" name="com.survey.testscript.SampleSurvey" time="91.449" errors="0" timestamp="2022-05-22T18:29:30 CEST" skipped="0">
  <testcase classname="com.survey.testscript.SampleSurvey" name="fullSurvey" time="57.267"/>
  <system-out/>
  <testcase classname="com.survey.testscript.SampleSurvey" name="halfSurvey" time="34.182"/>
  <system-out/>
</testsuite> <!-- com.survey.testscript.SampleSurvey -->
